# JRE version: OpenJDK Runtime Environment (21.0.5) (build 21.0.5+-13047016-b750.29)
# Java VM: OpenJDK 64-Bit Server VM (21.0.5+-13047016-b750.29, mixed mode, tiered, compressed oops, compressed class ptrs, g1 gc, windows-amd64)
GC Precious Log:
 CardTable entry size: 512
 Card Set container configuration: InlinePtr #cards 5 size 8 Array Of Cards #cards 12 size 40 Howl #buckets 4 coarsen threshold 1843 Howl Bitmap #cards 512 size 80 coarsen threshold 460 Card regions per heap region 1 cards per card region 2048
 CPUs: 12 total, 12 available
 Memory: 16163M
 Large Page Support: Disabled
 NUMA Support: Disabled
 Compressed Oops: Enabled (32-bit)
 Heap Region Size: 1M
 Heap Min Capacity: 8M
 Heap Initial Capacity: 254M
 Heap Max Capacity: 2G
 Pre-touch: Disabled
 Parallel Workers: 10
 Concurrent Workers: 3
 Concurrent Refinement Workers: 10
 Periodic GC: Disabled
Heap:
 garbage-first heap   total 264192K, used 170605K [0x0000000080000000, 0x0000000100000000)
  region size 1024K, 9 young (9216K), 9 survivors (9216K)
 Metaspace       used 126852K, committed 129088K, reserved 1179648K
  class space    used 17764K, committed 18880K, reserved 1048576K
GC Heap History (20 events):
Event: 11.538 GC heap after
{Heap after GC invocations=35 (full 0):
 garbage-first heap   total 189440K, used 100321K [0x0000000080000000, 0x0000000100000000)
  region size 1024K, 9 young (9216K), 9 survivors (9216K)
 Metaspace       used 107826K, committed 110016K, reserved 1179648K
  class space    used 14801K, committed 15872K, reserved 1048576K
}
Event: 12.209 GC heap before
{Heap before GC invocations=35 (full 0):
 garbage-first heap   total 189440K, used 167905K [0x0000000080000000, 0x0000000100000000)
  region size 1024K, 76 young (77824K), 9 survivors (9216K)
 Metaspace       used 111132K, committed 113280K, reserved 1179648K
  class space    used 15284K, committed 16384K, reserved 1048576K
}
Event: 12.218 GC heap after
{Heap after GC invocations=36 (full 0):
 garbage-first heap   total 189440K, used 107658K [0x0000000080000000, 0x0000000100000000)
  region size 1024K, 10 young (10240K), 10 survivors (10240K)
 Metaspace       used 111132K, committed 113280K, reserved 1179648K
  class space    used 15284K, committed 16384K, reserved 1048576K
}
Event: 12.592 GC heap before
{Heap before GC invocations=36 (full 0):
 garbage-first heap   total 189440K, used 167050K [0x0000000080000000, 0x0000000100000000)
  region size 1024K, 69 young (70656K), 10 survivors (10240K)
 Metaspace       used 111725K, committed 113920K, reserved 1179648K
  class space    used 15387K, committed 16512K, reserved 1048576K
}
Event: 12.603 GC heap after
{Heap after GC invocations=37 (full 0):
 garbage-first heap   total 189440K, used 112104K [0x0000000080000000, 0x0000000100000000)
  region size 1024K, 7 young (7168K), 7 survivors (7168K)
 Metaspace       used 111725K, committed 113920K, reserved 1179648K
  class space    used 15387K, committed 16512K, reserved 1048576K
}
Event: 13.193 GC heap before
{Heap before GC invocations=38 (full 0):
 garbage-first heap   total 189440K, used 174568K [0x0000000080000000, 0x0000000100000000)
  region size 1024K, 64 young (65536K), 7 survivors (7168K)
 Metaspace       used 113395K, committed 115584K, reserved 1179648K
  class space    used 15529K, committed 16640K, reserved 1048576K
}
Event: 13.199 GC heap after
{Heap after GC invocations=39 (full 0):
 garbage-first heap   total 189440K, used 115156K [0x0000000080000000, 0x0000000100000000)
  region size 1024K, 6 young (6144K), 6 survivors (6144K)
 Metaspace       used 113395K, committed 115584K, reserved 1179648K
  class space    used 15529K, committed 16640K, reserved 1048576K
}
Event: 13.601 GC heap before
{Heap before GC invocations=39 (full 0):
 garbage-first heap   total 189440K, used 171476K [0x0000000080000000, 0x0000000100000000)
  region size 1024K, 62 young (63488K), 6 survivors (6144K)
 Metaspace       used 114897K, committed 117120K, reserved 1179648K
  class space    used 15745K, committed 16832K, reserved 1048576K
}
Event: 13.608 GC heap after
{Heap after GC invocations=40 (full 0):
 garbage-first heap   total 189440K, used 119558K [0x0000000080000000, 0x0000000100000000)
  region size 1024K, 8 young (8192K), 8 survivors (8192K)
 Metaspace       used 114897K, committed 117120K, reserved 1179648K
  class space    used 15745K, committed 16832K, reserved 1048576K
}
Event: 13.865 GC heap before
{Heap before GC invocations=40 (full 0):
 garbage-first heap   total 189440K, used 169734K [0x0000000080000000, 0x0000000100000000)
  region size 1024K, 58 young (59392K), 8 survivors (8192K)
 Metaspace       used 117166K, committed 119360K, reserved 1179648K
  class space    used 16088K, committed 17152K, reserved 1048576K
}
Event: 13.870 GC heap after
{Heap after GC invocations=41 (full 0):
 garbage-first heap   total 189440K, used 128000K [0x0000000080000000, 0x0000000100000000)
  region size 1024K, 8 young (8192K), 8 survivors (8192K)
 Metaspace       used 117166K, committed 119360K, reserved 1179648K
  class space    used 16088K, committed 17152K, reserved 1048576K
}
Event: 14.117 GC heap before
{Heap before GC invocations=42 (full 0):
 garbage-first heap   total 214016K, used 168960K [0x0000000080000000, 0x0000000100000000)
  region size 1024K, 49 young (50176K), 8 survivors (8192K)
 Metaspace       used 119895K, committed 122112K, reserved 1179648K
  class space    used 16518K, committed 17600K, reserved 1048576K
}
Event: 14.125 GC heap after
{Heap after GC invocations=43 (full 0):
 garbage-first heap   total 214016K, used 134972K [0x0000000080000000, 0x0000000100000000)
  region size 1024K, 7 young (7168K), 7 survivors (7168K)
 Metaspace       used 119895K, committed 122112K, reserved 1179648K
  class space    used 16518K, committed 17600K, reserved 1048576K
}
Event: 14.308 GC heap before
{Heap before GC invocations=43 (full 0):
 garbage-first heap   total 214016K, used 191292K [0x0000000080000000, 0x0000000100000000)
  region size 1024K, 63 young (64512K), 7 survivors (7168K)
 Metaspace       used 121873K, committed 124096K, reserved 1179648K
  class space    used 16879K, committed 17984K, reserved 1048576K
}
Event: 14.321 GC heap after
{Heap after GC invocations=44 (full 0):
 garbage-first heap   total 214016K, used 143494K [0x0000000080000000, 0x0000000100000000)
  region size 1024K, 8 young (8192K), 8 survivors (8192K)
 Metaspace       used 121873K, committed 124096K, reserved 1179648K
  class space    used 16879K, committed 17984K, reserved 1048576K
}
Event: 14.483 GC heap before
{Heap before GC invocations=44 (full 0):
 garbage-first heap   total 214016K, used 191622K [0x0000000080000000, 0x0000000100000000)
  region size 1024K, 56 young (57344K), 8 survivors (8192K)
 Metaspace       used 124001K, committed 126208K, reserved 1179648K
  class space    used 17187K, committed 18304K, reserved 1048576K
}
Event: 14.496 GC heap after
{Heap after GC invocations=45 (full 0):
 garbage-first heap   total 214016K, used 151552K [0x0000000080000000, 0x0000000100000000)
  region size 1024K, 7 young (7168K), 7 survivors (7168K)
 Metaspace       used 124001K, committed 126208K, reserved 1179648K
  class space    used 17187K, committed 18304K, reserved 1048576K
}
Event: 14.771 GC heap before
{Heap before GC invocations=46 (full 0):
 garbage-first heap   total 252928K, used 192512K [0x0000000080000000, 0x0000000100000000)
  region size 1024K, 48 young (49152K), 7 survivors (7168K)
 Metaspace       used 125670K, committed 127936K, reserved 1179648K
  class space    used 17564K, committed 18688K, reserved 1048576K
}
Event: 14.781 GC heap after
{Heap after GC invocations=47 (full 0):
 garbage-first heap   total 252928K, used 158720K [0x0000000080000000, 0x0000000100000000)
  region size 1024K, 6 young (6144K), 6 survivors (6144K)
 Metaspace       used 125670K, committed 127936K, reserved 1179648K
  class space    used 17564K, committed 18688K, reserved 1048576K
}
Event: 15.006 GC heap before
{Heap before GC invocations=47 (full 0):
 garbage-first heap   total 252928K, used 225280K [0x0000000080000000, 0x0000000100000000)
  region size 1024K, 72 young (73728K), 6 survivors (6144K)
 Metaspace       used 126852K, committed 129088K, reserved 1179648K
  class space    used 17764K, committed 18880K, reserved 1048576K
}

