# JRE version: OpenJDK Runtime Environment (21.0.5) (build 21.0.5+-13047016-b750.29)
# Java VM: OpenJDK 64-Bit Server VM (21.0.5+-13047016-b750.29, mixed mode, tiered, compressed oops, compressed class ptrs, g1 gc, windows-amd64)
GC Precious Log:
 CardTable entry size: 512
 Card Set container configuration: InlinePtr #cards 5 size 8 Array Of Cards #cards 12 size 40 Howl #buckets 4 coarsen threshold 1843 Howl Bitmap #cards 512 size 80 coarsen threshold 460 Card regions per heap region 1 cards per card region 2048
 CPUs: 12 total, 12 available
 Memory: 16163M
 Large Page Support: Disabled
 NUMA Support: Disabled
 Compressed Oops: Enabled (32-bit)
 Heap Region Size: 1M
 Heap Min Capacity: 8M
 Heap Initial Capacity: 254M
 Heap Max Capacity: 2G
 Pre-touch: Disabled
 Parallel Workers: 10
 Concurrent Workers: 3
 Concurrent Refinement Workers: 10
 Periodic GC: Disabled
Heap:
 garbage-first heap   total 240640K, used 215988K [0x0000000080000000, 0x0000000100000000)
  region size 1024K, 61 young (62464K), 6 survivors (6144K)
 Metaspace       used 134763K, committed 137088K, reserved 1179648K
  class space    used 18573K, committed 19776K, reserved 1048576K
GC Heap History (20 events):
Event: 17.718 GC heap before
{Heap before GC invocations=39 (full 0):
 garbage-first heap   total 183296K, used 164844K [0x0000000080000000, 0x0000000100000000)
  region size 1024K, 58 young (59392K), 5 survivors (5120K)
 Metaspace       used 116319K, committed 118528K, reserved 1179648K
  class space    used 15897K, committed 17024K, reserved 1048576K
}
Event: 17.724 GC heap after
{Heap after GC invocations=40 (full 0):
 garbage-first heap   total 183296K, used 113108K [0x0000000080000000, 0x0000000100000000)
  region size 1024K, 7 young (7168K), 7 survivors (7168K)
 Metaspace       used 116319K, committed 118528K, reserved 1179648K
  class space    used 15897K, committed 17024K, reserved 1048576K
}
Event: 18.265 GC heap before
{Heap before GC invocations=40 (full 0):
 garbage-first heap   total 183296K, used 164308K [0x0000000080000000, 0x0000000100000000)
  region size 1024K, 58 young (59392K), 7 survivors (7168K)
 Metaspace       used 118052K, committed 120320K, reserved 1179648K
  class space    used 16083K, committed 17216K, reserved 1048576K
}
Event: 18.273 GC heap after
{Heap after GC invocations=41 (full 0):
 garbage-first heap   total 183296K, used 116736K [0x0000000080000000, 0x0000000100000000)
  region size 1024K, 8 young (8192K), 8 survivors (8192K)
 Metaspace       used 118052K, committed 120320K, reserved 1179648K
  class space    used 16083K, committed 17216K, reserved 1048576K
}
Event: 18.894 GC heap before
{Heap before GC invocations=42 (full 0):
 garbage-first heap   total 196608K, used 161792K [0x0000000080000000, 0x0000000100000000)
  region size 1024K, 53 young (54272K), 8 survivors (8192K)
 Metaspace       used 119385K, committed 121600K, reserved 1179648K
  class space    used 16247K, committed 17344K, reserved 1048576K
}
Event: 18.902 GC heap after
{Heap after GC invocations=43 (full 0):
 garbage-first heap   total 196608K, used 120532K [0x0000000080000000, 0x0000000100000000)
  region size 1024K, 5 young (5120K), 5 survivors (5120K)
 Metaspace       used 119385K, committed 121600K, reserved 1179648K
  class space    used 16247K, committed 17344K, reserved 1048576K
}
Event: 18.986 GC heap before
{Heap before GC invocations=43 (full 0):
 garbage-first heap   total 196608K, used 178900K [0x0000000080000000, 0x0000000100000000)
  region size 1024K, 63 young (64512K), 5 survivors (5120K)
 Metaspace       used 119480K, committed 121728K, reserved 1179648K
  class space    used 16254K, committed 17344K, reserved 1048576K
}
Event: 18.991 GC heap after
{Heap after GC invocations=44 (full 0):
 garbage-first heap   total 196608K, used 119162K [0x0000000080000000, 0x0000000100000000)
  region size 1024K, 2 young (2048K), 2 survivors (2048K)
 Metaspace       used 119480K, committed 121728K, reserved 1179648K
  class space    used 16254K, committed 17344K, reserved 1048576K
}
Event: 19.189 GC heap before
{Heap before GC invocations=44 (full 0):
 garbage-first heap   total 196608K, used 180602K [0x0000000080000000, 0x0000000100000000)
  region size 1024K, 63 young (64512K), 2 survivors (2048K)
 Metaspace       used 119505K, committed 121728K, reserved 1179648K
  class space    used 16254K, committed 17344K, reserved 1048576K
}
Event: 19.193 GC heap after
{Heap after GC invocations=45 (full 0):
 garbage-first heap   total 236544K, used 119867K [0x0000000080000000, 0x0000000100000000)
  region size 1024K, 2 young (2048K), 2 survivors (2048K)
 Metaspace       used 119505K, committed 121728K, reserved 1179648K
  class space    used 16254K, committed 17344K, reserved 1048576K
}
Event: 20.281 GC heap before
{Heap before GC invocations=46 (full 0):
 garbage-first heap   total 236544K, used 219195K [0x0000000080000000, 0x0000000100000000)
  region size 1024K, 100 young (102400K), 2 survivors (2048K)
 Metaspace       used 120237K, committed 122496K, reserved 1179648K
  class space    used 16319K, committed 17472K, reserved 1048576K
}
Event: 20.286 GC heap after
{Heap after GC invocations=47 (full 0):
 garbage-first heap   total 236544K, used 123418K [0x0000000080000000, 0x0000000100000000)
  region size 1024K, 6 young (6144K), 6 survivors (6144K)
 Metaspace       used 120237K, committed 122496K, reserved 1179648K
  class space    used 16319K, committed 17472K, reserved 1048576K
}
Event: 21.679 GC heap before
{Heap before GC invocations=47 (full 0):
 garbage-first heap   total 236544K, used 214554K [0x0000000080000000, 0x0000000100000000)
  region size 1024K, 96 young (98304K), 6 survivors (6144K)
 Metaspace       used 122645K, committed 124928K, reserved 1179648K
  class space    used 16493K, committed 17664K, reserved 1048576K
}
Event: 21.685 GC heap after
{Heap after GC invocations=48 (full 0):
 garbage-first heap   total 236544K, used 122872K [0x0000000080000000, 0x0000000100000000)
  region size 1024K, 7 young (7168K), 7 survivors (7168K)
 Metaspace       used 122645K, committed 124928K, reserved 1179648K
  class space    used 16493K, committed 17664K, reserved 1048576K
}
Event: 22.275 GC heap before
{Heap before GC invocations=48 (full 0):
 garbage-first heap   total 236544K, used 215032K [0x0000000080000000, 0x0000000100000000)
  region size 1024K, 98 young (100352K), 7 survivors (7168K)
 Metaspace       used 127637K, committed 129984K, reserved 1179648K
  class space    used 17302K, committed 18496K, reserved 1048576K
}
Event: 22.282 GC heap after
{Heap after GC invocations=49 (full 0):
 garbage-first heap   total 236544K, used 133958K [0x0000000080000000, 0x0000000100000000)
  region size 1024K, 13 young (13312K), 13 survivors (13312K)
 Metaspace       used 127637K, committed 129984K, reserved 1179648K
  class space    used 17302K, committed 18496K, reserved 1048576K
}
Event: 22.563 GC heap before
{Heap before GC invocations=50 (full 0):
 garbage-first heap   total 236544K, used 208710K [0x0000000080000000, 0x0000000100000000)
  region size 1024K, 87 young (89088K), 13 survivors (13312K)
 Metaspace       used 129590K, committed 131904K, reserved 1179648K
  class space    used 17628K, committed 18816K, reserved 1048576K
}
Event: 22.583 GC heap after
{Heap after GC invocations=51 (full 0):
 garbage-first heap   total 239616K, used 149921K [0x0000000080000000, 0x0000000100000000)
  region size 1024K, 11 young (11264K), 11 survivors (11264K)
 Metaspace       used 129590K, committed 131904K, reserved 1179648K
  class space    used 17628K, committed 18816K, reserved 1048576K
}
Event: 22.825 GC heap before
{Heap before GC invocations=51 (full 0):
 garbage-first heap   total 239616K, used 213409K [0x0000000080000000, 0x0000000100000000)
  region size 1024K, 74 young (75776K), 11 survivors (11264K)
 Metaspace       used 132520K, committed 134848K, reserved 1179648K
  class space    used 18059K, committed 19264K, reserved 1048576K
}
Event: 22.839 GC heap after
{Heap after GC invocations=52 (full 0):
 garbage-first heap   total 240640K, used 159668K [0x0000000080000000, 0x0000000100000000)
  region size 1024K, 10 young (10240K), 10 survivors (10240K)
 Metaspace       used 132520K, committed 134848K, reserved 1179648K
  class space    used 18059K, committed 19264K, reserved 1048576K
}

